Release 14.7 Map P.20131013 (nt)
Xilinx Mapping Report File for Design 'bl'

Design Information
------------------
Command Line   : map -intstyle pa -w -r 4 -ol high bl.ngd 
Target Device  : xc6slx16
Target Package : ftg256
Target Speed   : -2
Mapper Version : spartan6 -- $Revision: 1.55 $
Mapped Date    : Thu Feb 10 08:41:01 2022

Design Summary
--------------
Number of errors:      0
Number of warnings:    0
Slice Logic Utilization:
  Number of Slice Registers:                 1,096 out of  18,224    6%
    Number used as Flip Flops:               1,087
    Number used as Latches:                      9
    Number used as Latch-thrus:                  0
    Number used as AND/OR logics:                0
  Number of Slice LUTs:                        742 out of   9,112    8%
    Number used as logic:                      627 out of   9,112    6%
      Number using O6 output only:             329
      Number using O5 output only:              32
      Number using O5 and O6:                  266
      Number used as ROM:                        0
    Number used as Memory:                      69 out of   2,176    3%
      Number used as Dual Port RAM:              0
      Number used as Single Port RAM:            0
      Number used as Shift Register:            69
        Number using O6 output only:             5
        Number using O5 output only:             0
        Number using O5 and O6:                 64
    Number used exclusively as route-thrus:     46
      Number with same-slice register load:     43
      Number with same-slice carry load:         3
      Number with other load:                    0

Slice Logic Distribution:
  Number of occupied Slices:                   281 out of   2,278   12%
  Number of MUXCYs used:                        72 out of   4,556    1%
  Number of LUT Flip Flop pairs used:          901
    Number with an unused Flip Flop:           144 out of     901   15%
    Number with an unused LUT:                 159 out of     901   17%
    Number of fully used LUT-FF pairs:         598 out of     901   66%
    Number of unique control sets:              28
    Number of slice register sites lost
      to control set restrictions:              99 out of  18,224    1%

  A LUT Flip Flop pair for this architecture represents one LUT paired with
  one Flip Flop within a slice.  A control set is a unique combination of
  clock, reset, set, and enable signals for a registered element.
  The Slice Logic Distribution report is not meaningful if the design is
  over-mapped for a non-slice resource or if Placement fails.

IO Utilization:
  Number of bonded IOBs:                        69 out of     186   37%
    Number of LOCed IOBs:                       69 out of      69  100%
    IOB Flip Flops:                              4

Specific Feature Utilization:
  Number of RAMB16BWERs:                         8 out of      32   25%
  Number of RAMB8BWERs:                          0 out of      64    0%
  Number of BUFIO2/BUFIO2_2CLKs:                 1 out of      32    3%
    Number used as BUFIO2s:                      1
    Number used as BUFIO2_2CLKs:                 0
  Number of BUFIO2FB/BUFIO2FB_2CLKs:             1 out of      32    3%
    Number used as BUFIO2FBs:                    1
    Number used as BUFIO2FB_2CLKs:               0
  Number of BUFG/BUFGMUXs:                       4 out of      16   25%
    Number used as BUFGs:                        2
    Number used as BUFGMUX:                      2
  Number of DCM/DCM_CLKGENs:                     1 out of       4   25%
    Number used as DCMs:                         1
    Number used as DCM_CLKGENs:                  0
  Number of ILOGIC2/ISERDES2s:                   4 out of     248    1%
    Number used as ILOGIC2s:                     4
    Number used as ISERDES2s:                    0
  Number of IODELAY2/IODRP2/IODRP2_MCBs:        16 out of     248    6%
    Number used as IODELAY2s:                   16
    Number used as IODRP2s:                      0
    Number used as IODRP2_MCBs:                  0
  Number of OLOGIC2/OSERDES2s:                   0 out of     248    0%
  Number of BSCANs:                              0 out of       4    0%
  Number of BUFHs:                               0 out of     128    0%
  Number of BUFPLLs:                             0 out of       8    0%
  Number of BUFPLL_MCBs:                         0 out of       4    0%
  Number of DSP48A1s:                            0 out of      32    0%
  Number of ICAPs:                               0 out of       1    0%
  Number of MCBs:                                0 out of       2    0%
  Number of PCILOGICSEs:                         0 out of       2    0%
  Number of PLL_ADVs:                            0 out of       2    0%
  Number of PMVs:                                0 out of       1    0%
  Number of STARTUPs:                            0 out of       1    0%
  Number of SUSPEND_SYNCs:                       0 out of       1    0%

Average Fanout of Non-Clock Nets:                2.78

Peak Memory Usage:  345 MB
Total REAL time to MAP completion:  8 secs 
Total CPU time to MAP completion:   8 secs 

Table of Contents
-----------------
Section 1 - Errors
Section 2 - Warnings
Section 3 - Informational
Section 4 - Removed Logic Summary
Section 5 - Removed Logic
Section 6 - IOB Properties
Section 7 - RPMs
Section 8 - Guide Report
Section 9 - Area Group and Partition Summary
Section 10 - Timing Report
Section 11 - Configuration String Information
Section 12 - Control Set Information
Section 13 - Utilization by Hierarchy

Section 1 - Errors
------------------

Section 2 - Warnings
--------------------

Section 3 - Informational
-------------------------
INFO:LIT:243 - Logical network dummyOut has no load.
INFO:LIT:395 - The above info message is repeated 3 more times for the following
   (max. 5 shown):
   IOBUFDS_dqs0/O,
   IOBUFDS_dqs1/O,
   fifoInstance/U0/xst_fifo_generator/gconvfifo.rf/grf.rf/gntv_or_sync_fifo.gl0.
   wr/gwas.wsts/ram_full_i
   To see the details of these info messages, please use the -detail switch.
INFO:MapLib:562 - No environment variables are currently set.
INFO:LIT:244 - All of the single ended outputs in this design are using slew
   rate limited output drivers. The delay on speed critical single ended outputs
   can be dramatically reduced by designating them as fast outputs.
INFO:Pack:1716 - Initializing temperature to 85.000 Celsius. (default - Range:
   0.000 to 85.000 Celsius)
INFO:Pack:1720 - Initializing voltage to 1.140 Volts. (default - Range: 1.140 to
   1.260 Volts)
INFO:Timing:3386 - Intersecting Constraints found and resolved.  For more information, see the TSI report.  Please consult the Xilinx
   Command Line Tools User Guide for information on generating a TSI report.
INFO:Map:215 - The Interim Design Summary has been generated in the MAP Report
   (.mrp).
INFO:Pack:1650 - Map created a placed design.
INFO:PhysDesignRules:1861 - To achieve optimal frequency synthesis performance
   with the CLKFX and CLKFX180 outputs of the DCM comp
   your_instance_name/dcm_sp_inst, consult the device Data Sheet.

Section 4 - Removed Logic Summary
---------------------------------
  35 block(s) removed
   5 block(s) optimized away
  51 signal(s) removed

Section 5 - Removed Logic
-------------------------

The trimmed logic report below shows the logic removed from your design due to
sourceless or loadless signals, and VCC or ground connections.  If the removal
of a signal or symbol results in the subsequent removal of an additional signal
or symbol, the message explaining that second removal will be indented.  This
indentation will be repeated as a chain of related logic is removed.

To quickly locate the original cause for the removal of a chain of logic, look
above the place where that logic is listed in the trimming report, then locate
the lines that are least indented (begin at the leftmost edge).

The signal "IOBUFDS_dqs0/O" is sourceless and has been removed.
The signal "IOBUFDS_dqs1/O" is sourceless and has been removed.
The signal
"fifoInstance/U0/xst_fifo_generator/gconvfifo.rf/grf.rf/gntv_or_sync_fifo.gl0.wr
/gwas.wsts/ram_full_i" is sourceless and has been removed.
The signal
"fifoInstance/U0/xst_fifo_generator/gconvfifo.rf/grf.rf/gntv_or_sync_fifo.mem/do
ut_i[143]" is sourceless and has been removed.
 Sourceless block
"fifoInstance/U0/xst_fifo_generator/gconvfifo.rf/grf.rf/gntv_or_sync_fifo.mem/do
ut_i_143_dpot" (ROM) removed.
  The signal
"fifoInstance/U0/xst_fifo_generator/gconvfifo.rf/grf.rf/gntv_or_sync_fifo.mem/do
ut_i_143_dpot" is sourceless and has been removed.
   Sourceless block
"fifoInstance/U0/xst_fifo_generator/gconvfifo.rf/grf.rf/gntv_or_sync_fifo.mem/do
ut_i_143" (SFF) removed.
The signal
"fifoInstance/U0/xst_fifo_generator/gconvfifo.rf/grf.rf/gntv_or_sync_fifo.mem/do
ut_i[142]" is sourceless and has been removed.
 Sourceless block
"fifoInstance/U0/xst_fifo_generator/gconvfifo.rf/grf.rf/gntv_or_sync_fifo.mem/do
ut_i_142_dpot" (ROM) removed.
  The signal
"fifoInstance/U0/xst_fifo_generator/gconvfifo.rf/grf.rf/gntv_or_sync_fifo.mem/do
ut_i_142_dpot" is sourceless and has been removed.
   Sourceless block
"fifoInstance/U0/xst_fifo_generator/gconvfifo.rf/grf.rf/gntv_or_sync_fifo.mem/do
ut_i_142" (SFF) removed.
The signal
"fifoInstance/U0/xst_fifo_generator/gconvfifo.rf/grf.rf/gntv_or_sync_fifo.mem/do
ut_i[141]" is sourceless and has been removed.
 Sourceless block
"fifoInstance/U0/xst_fifo_generator/gconvfifo.rf/grf.rf/gntv_or_sync_fifo.mem/do
ut_i_141_dpot" (ROM) removed.
  The signal
"fifoInstance/U0/xst_fifo_generator/gconvfifo.rf/grf.rf/gntv_or_sync_fifo.mem/do
ut_i_141_dpot" is sourceless and has been removed.
   Sourceless block
"fifoInstance/U0/xst_fifo_generator/gconvfifo.rf/grf.rf/gntv_or_sync_fifo.mem/do
ut_i_141" (SFF) removed.
The signal
"fifoInstance/U0/xst_fifo_generator/gconvfifo.rf/grf.rf/gntv_or_sync_fifo.mem/do
ut_i[140]" is sourceless and has been removed.
 Sourceless block
"fifoInstance/U0/xst_fifo_generator/gconvfifo.rf/grf.rf/gntv_or_sync_fifo.mem/do
ut_i_140_dpot" (ROM) removed.
  The signal
"fifoInstance/U0/xst_fifo_generator/gconvfifo.rf/grf.rf/gntv_or_sync_fifo.mem/do
ut_i_140_dpot" is sourceless and has been removed.
   Sourceless block
"fifoInstance/U0/xst_fifo_generator/gconvfifo.rf/grf.rf/gntv_or_sync_fifo.mem/do
ut_i_140" (SFF) removed.
The signal
"fifoInstance/U0/xst_fifo_generator/gconvfifo.rf/grf.rf/gntv_or_sync_fifo.mem/do
ut_i[139]" is sourceless and has been removed.
 Sourceless block
"fifoInstance/U0/xst_fifo_generator/gconvfifo.rf/grf.rf/gntv_or_sync_fifo.mem/do
ut_i_139_dpot" (ROM) removed.
  The signal
"fifoInstance/U0/xst_fifo_generator/gconvfifo.rf/grf.rf/gntv_or_sync_fifo.mem/do
ut_i_139_dpot" is sourceless and has been removed.
   Sourceless block
"fifoInstance/U0/xst_fifo_generator/gconvfifo.rf/grf.rf/gntv_or_sync_fifo.mem/do
ut_i_139" (SFF) removed.
The signal
"fifoInstance/U0/xst_fifo_generator/gconvfifo.rf/grf.rf/gntv_or_sync_fifo.mem/do
ut_i[138]" is sourceless and has been removed.
 Sourceless block
"fifoInstance/U0/xst_fifo_generator/gconvfifo.rf/grf.rf/gntv_or_sync_fifo.mem/do
ut_i_138_dpot" (ROM) removed.
  The signal
"fifoInstance/U0/xst_fifo_generator/gconvfifo.rf/grf.rf/gntv_or_sync_fifo.mem/do
ut_i_138_dpot" is sourceless and has been removed.
   Sourceless block
"fifoInstance/U0/xst_fifo_generator/gconvfifo.rf/grf.rf/gntv_or_sync_fifo.mem/do
ut_i_138" (SFF) removed.
The signal
"fifoInstance/U0/xst_fifo_generator/gconvfifo.rf/grf.rf/gntv_or_sync_fifo.mem/do
ut_i[137]" is sourceless and has been removed.
 Sourceless block
"fifoInstance/U0/xst_fifo_generator/gconvfifo.rf/grf.rf/gntv_or_sync_fifo.mem/do
ut_i_137_dpot" (ROM) removed.
  The signal
"fifoInstance/U0/xst_fifo_generator/gconvfifo.rf/grf.rf/gntv_or_sync_fifo.mem/do
ut_i_137_dpot" is sourceless and has been removed.
   Sourceless block
"fifoInstance/U0/xst_fifo_generator/gconvfifo.rf/grf.rf/gntv_or_sync_fifo.mem/do
ut_i_137" (SFF) removed.
The signal
"fifoInstance/U0/xst_fifo_generator/gconvfifo.rf/grf.rf/gntv_or_sync_fifo.mem/do
ut_i[136]" is sourceless and has been removed.
 Sourceless block
"fifoInstance/U0/xst_fifo_generator/gconvfifo.rf/grf.rf/gntv_or_sync_fifo.mem/do
ut_i_136_dpot" (ROM) removed.
  The signal
"fifoInstance/U0/xst_fifo_generator/gconvfifo.rf/grf.rf/gntv_or_sync_fifo.mem/do
ut_i_136_dpot" is sourceless and has been removed.
   Sourceless block
"fifoInstance/U0/xst_fifo_generator/gconvfifo.rf/grf.rf/gntv_or_sync_fifo.mem/do
ut_i_136" (SFF) removed.
The signal
"fifoInstance/U0/xst_fifo_generator/gconvfifo.rf/grf.rf/gntv_or_sync_fifo.mem/do
ut_i[135]" is sourceless and has been removed.
 Sourceless block
"fifoInstance/U0/xst_fifo_generator/gconvfifo.rf/grf.rf/gntv_or_sync_fifo.mem/do
ut_i_135_dpot" (ROM) removed.
  The signal
"fifoInstance/U0/xst_fifo_generator/gconvfifo.rf/grf.rf/gntv_or_sync_fifo.mem/do
ut_i_135_dpot" is sourceless and has been removed.
   Sourceless block
"fifoInstance/U0/xst_fifo_generator/gconvfifo.rf/grf.rf/gntv_or_sync_fifo.mem/do
ut_i_135" (SFF) removed.
The signal
"fifoInstance/U0/xst_fifo_generator/gconvfifo.rf/grf.rf/gntv_or_sync_fifo.mem/do
ut_i[134]" is sourceless and has been removed.
 Sourceless block
"fifoInstance/U0/xst_fifo_generator/gconvfifo.rf/grf.rf/gntv_or_sync_fifo.mem/do
ut_i_134_dpot" (ROM) removed.
  The signal
"fifoInstance/U0/xst_fifo_generator/gconvfifo.rf/grf.rf/gntv_or_sync_fifo.mem/do
ut_i_134_dpot" is sourceless and has been removed.
   Sourceless block
"fifoInstance/U0/xst_fifo_generator/gconvfifo.rf/grf.rf/gntv_or_sync_fifo.mem/do
ut_i_134" (SFF) removed.
The signal
"fifoInstance/U0/xst_fifo_generator/gconvfifo.rf/grf.rf/gntv_or_sync_fifo.mem/do
ut_i[133]" is sourceless and has been removed.
 Sourceless block
"fifoInstance/U0/xst_fifo_generator/gconvfifo.rf/grf.rf/gntv_or_sync_fifo.mem/do
ut_i_133_dpot" (ROM) removed.
  The signal
"fifoInstance/U0/xst_fifo_generator/gconvfifo.rf/grf.rf/gntv_or_sync_fifo.mem/do
ut_i_133_dpot" is sourceless and has been removed.
   Sourceless block
"fifoInstance/U0/xst_fifo_generator/gconvfifo.rf/grf.rf/gntv_or_sync_fifo.mem/do
ut_i_133" (SFF) removed.
The signal
"fifoInstance/U0/xst_fifo_generator/gconvfifo.rf/grf.rf/gntv_or_sync_fifo.mem/do
ut_i[132]" is sourceless and has been removed.
 Sourceless block
"fifoInstance/U0/xst_fifo_generator/gconvfifo.rf/grf.rf/gntv_or_sync_fifo.mem/do
ut_i_132_dpot" (ROM) removed.
  The signal
"fifoInstance/U0/xst_fifo_generator/gconvfifo.rf/grf.rf/gntv_or_sync_fifo.mem/do
ut_i_132_dpot" is sourceless and has been removed.
   Sourceless block
"fifoInstance/U0/xst_fifo_generator/gconvfifo.rf/grf.rf/gntv_or_sync_fifo.mem/do
ut_i_132" (SFF) removed.
The signal
"fifoInstance/U0/xst_fifo_generator/gconvfifo.rf/grf.rf/gntv_or_sync_fifo.mem/do
ut_i[131]" is sourceless and has been removed.
 Sourceless block
"fifoInstance/U0/xst_fifo_generator/gconvfifo.rf/grf.rf/gntv_or_sync_fifo.mem/do
ut_i_131_dpot" (ROM) removed.
  The signal
"fifoInstance/U0/xst_fifo_generator/gconvfifo.rf/grf.rf/gntv_or_sync_fifo.mem/do
ut_i_131_dpot" is sourceless and has been removed.
   Sourceless block
"fifoInstance/U0/xst_fifo_generator/gconvfifo.rf/grf.rf/gntv_or_sync_fifo.mem/do
ut_i_131" (SFF) removed.
The signal
"fifoInstance/U0/xst_fifo_generator/gconvfifo.rf/grf.rf/gntv_or_sync_fifo.mem/do
ut_i[130]" is sourceless and has been removed.
 Sourceless block
"fifoInstance/U0/xst_fifo_generator/gconvfifo.rf/grf.rf/gntv_or_sync_fifo.mem/do
ut_i_130_dpot" (ROM) removed.
  The signal
"fifoInstance/U0/xst_fifo_generator/gconvfifo.rf/grf.rf/gntv_or_sync_fifo.mem/do
ut_i_130_dpot" is sourceless and has been removed.
   Sourceless block
"fifoInstance/U0/xst_fifo_generator/gconvfifo.rf/grf.rf/gntv_or_sync_fifo.mem/do
ut_i_130" (SFF) removed.
The signal
"fifoInstance/U0/xst_fifo_generator/gconvfifo.rf/grf.rf/gntv_or_sync_fifo.mem/do
ut_i[129]" is sourceless and has been removed.
 Sourceless block
"fifoInstance/U0/xst_fifo_generator/gconvfifo.rf/grf.rf/gntv_or_sync_fifo.mem/do
ut_i_129_dpot" (ROM) removed.
  The signal
"fifoInstance/U0/xst_fifo_generator/gconvfifo.rf/grf.rf/gntv_or_sync_fifo.mem/do
ut_i_129_dpot" is sourceless and has been removed.
   Sourceless block
"fifoInstance/U0/xst_fifo_generator/gconvfifo.rf/grf.rf/gntv_or_sync_fifo.mem/do
ut_i_129" (SFF) removed.
The signal
"fifoInstance/U0/xst_fifo_generator/gconvfifo.rf/grf.rf/gntv_or_sync_fifo.mem/do
ut_i[128]" is sourceless and has been removed.
 Sourceless block
"fifoInstance/U0/xst_fifo_generator/gconvfifo.rf/grf.rf/gntv_or_sync_fifo.mem/do
ut_i_128_dpot" (ROM) removed.
  The signal
"fifoInstance/U0/xst_fifo_generator/gconvfifo.rf/grf.rf/gntv_or_sync_fifo.mem/do
ut_i_128_dpot" is sourceless and has been removed.
   Sourceless block
"fifoInstance/U0/xst_fifo_generator/gconvfifo.rf/grf.rf/gntv_or_sync_fifo.mem/do
ut_i_128" (SFF) removed.
The signal
"fifoInstance/U0/xst_fifo_generator/gconvfifo.rf/grf.rf/gntv_or_sync_fifo.mem/gb
m.gbmg.gbmga.ngecc.bmg/gnativebmg.native_blk_mem_gen/doutb_i[130]" is sourceless
and has been removed.
The signal
"fifoInstance/U0/xst_fifo_generator/gconvfifo.rf/grf.rf/gntv_or_sync_fifo.mem/gb
m.gbmg.gbmga.ngecc.bmg/gnativebmg.native_blk_mem_gen/doutb_i[131]" is sourceless
and has been removed.
The signal
"fifoInstance/U0/xst_fifo_generator/gconvfifo.rf/grf.rf/gntv_or_sync_fifo.mem/gb
m.gbmg.gbmga.ngecc.bmg/gnativebmg.native_blk_mem_gen/doutb_i[132]" is sourceless
and has been removed.
The signal
"fifoInstance/U0/xst_fifo_generator/gconvfifo.rf/grf.rf/gntv_or_sync_fifo.mem/gb
m.gbmg.gbmga.ngecc.bmg/gnativebmg.native_blk_mem_gen/doutb_i[128]" is sourceless
and has been removed.
The signal
"fifoInstance/U0/xst_fifo_generator/gconvfifo.rf/grf.rf/gntv_or_sync_fifo.mem/gb
m.gbmg.gbmga.ngecc.bmg/gnativebmg.native_blk_mem_gen/doutb_i[133]" is sourceless
and has been removed.
The signal
"fifoInstance/U0/xst_fifo_generator/gconvfifo.rf/grf.rf/gntv_or_sync_fifo.mem/gb
m.gbmg.gbmga.ngecc.bmg/gnativebmg.native_blk_mem_gen/doutb_i[143]" is sourceless
and has been removed.
The signal
"fifoInstance/U0/xst_fifo_generator/gconvfifo.rf/grf.rf/gntv_or_sync_fifo.mem/gb
m.gbmg.gbmga.ngecc.bmg/gnativebmg.native_blk_mem_gen/doutb_i[142]" is sourceless
and has been removed.
The signal
"fifoInstance/U0/xst_fifo_generator/gconvfifo.rf/grf.rf/gntv_or_sync_fifo.mem/gb
m.gbmg.gbmga.ngecc.bmg/gnativebmg.native_blk_mem_gen/doutb_i[141]" is sourceless
and has been removed.
The signal
"fifoInstance/U0/xst_fifo_generator/gconvfifo.rf/grf.rf/gntv_or_sync_fifo.mem/gb
m.gbmg.gbmga.ngecc.bmg/gnativebmg.native_blk_mem_gen/doutb_i[140]" is sourceless
and has been removed.
The signal
"fifoInstance/U0/xst_fifo_generator/gconvfifo.rf/grf.rf/gntv_or_sync_fifo.mem/gb
m.gbmg.gbmga.ngecc.bmg/gnativebmg.native_blk_mem_gen/doutb_i[139]" is sourceless
and has been removed.
The signal
"fifoInstance/U0/xst_fifo_generator/gconvfifo.rf/grf.rf/gntv_or_sync_fifo.mem/gb
m.gbmg.gbmga.ngecc.bmg/gnativebmg.native_blk_mem_gen/doutb_i[138]" is sourceless
and has been removed.
The signal
"fifoInstance/U0/xst_fifo_generator/gconvfifo.rf/grf.rf/gntv_or_sync_fifo.mem/gb
m.gbmg.gbmga.ngecc.bmg/gnativebmg.native_blk_mem_gen/doutb_i[137]" is sourceless
and has been removed.
The signal
"fifoInstance/U0/xst_fifo_generator/gconvfifo.rf/grf.rf/gntv_or_sync_fifo.mem/gb
m.gbmg.gbmga.ngecc.bmg/gnativebmg.native_blk_mem_gen/doutb_i[136]" is sourceless
and has been removed.
The signal
"fifoInstance/U0/xst_fifo_generator/gconvfifo.rf/grf.rf/gntv_or_sync_fifo.mem/gb
m.gbmg.gbmga.ngecc.bmg/gnativebmg.native_blk_mem_gen/doutb_i[135]" is sourceless
and has been removed.
The signal
"fifoInstance/U0/xst_fifo_generator/gconvfifo.rf/grf.rf/gntv_or_sync_fifo.mem/gb
m.gbmg.gbmga.ngecc.bmg/gnativebmg.native_blk_mem_gen/doutb_i[134]" is sourceless
and has been removed.
The signal
"fifoInstance/U0/xst_fifo_generator/gconvfifo.rf/grf.rf/gntv_or_sync_fifo.mem/gb
m.gbmg.gbmga.ngecc.bmg/gnativebmg.native_blk_mem_gen/doutb_i[129]" is sourceless
and has been removed.
Unused block "IOBUFDS_dqs0/IBUFDS" (IBUFDS) removed.
Unused block "IOBUFDS_dqs1/IBUFDS" (IBUFDS) removed.
Unused block
"fifoInstance/U0/xst_fifo_generator/gconvfifo.rf/grf.rf/gntv_or_sync_fifo.gl0.wr
/gwas.wsts/ram_full_i" (FF) removed.

Optimized Block(s):
TYPE 		BLOCK
GND 		XST_GND
VCC 		XST_VCC
GND
		fifoInstance/U0/xst_fifo_generator/gconvfifo.rf/grf.rf/gntv_or_sync_fifo.mem/g
bm.gbmg.gbmga.ngecc.bmg/gnativebmg.native_blk_mem_gen/valid.cstr/XST_GND
GND 		fifoInstance/XST_GND
VCC 		fifoInstance/XST_VCC

To enable printing of redundant blocks removed and signals merged, set the
detailed map report option and rerun map.

Section 6 - IOB Properties
--------------------------

+---------------------------------------------------------------------------------------------------------------------------------------------------------+
| IOB Name                           | Type             | Direction | IO Standard          | Diff  | Drive    | Slew | Reg (s)      | Resistor | IOB      |
|                                    |                  |           |                      | Term  | Strength | Rate |              |          | Delay    |
+---------------------------------------------------------------------------------------------------------------------------------------------------------+
| LED0                               | IOB              | OUTPUT    | LVCMOS33             |       | 12       | SLOW |              |          |          |
| LED1                               | IOB              | OUTPUT    | LVCMOS33             |       | 12       | SLOW |              |          |          |
| LED2                               | IOB              | OUTPUT    | LVCMOS33             |       | 12       | SLOW |              |          |          |
| LED3                               | IOB              | OUTPUT    | LVCMOS33             |       | 12       | SLOW |              |          |          |
| LEDBUS0                            | IOB              | OUTPUT    | LVCMOS33             |       | 12       | SLOW |              |          |          |
| LEDBUS1                            | IOB              | OUTPUT    | LVCMOS33             |       | 12       | SLOW |              |          |          |
| LEDBUS2                            | IOB              | OUTPUT    | LVCMOS33             |       | 12       | SLOW |              |          |          |
| LEDBUS3                            | IOB              | OUTPUT    | LVCMOS33             |       | 12       | SLOW |              |          |          |
| LEDBUS4                            | IOB              | OUTPUT    | LVCMOS33             |       | 12       | SLOW |              |          |          |
| LEDBUS5                            | IOB              | OUTPUT    | LVCMOS33             |       | 12       | SLOW |              |          |          |
| LEDBUS6                            | IOB              | OUTPUT    | LVCMOS33             |       | 12       | SLOW |              |          |          |
| LEDBUS7                            | IOB              | OUTPUT    | LVCMOS33             |       | 12       | SLOW |              |          |          |
| LEDBUS8                            | IOB              | OUTPUT    | LVCMOS33             |       | 12       | SLOW |              |          |          |
| PIN0                               | IOB              | INPUT     | LVCMOS33             |       |          |      |              |          |          |
| PIN1                               | IOB              | OUTPUT    | LVCMOS33             |       | 12       | SLOW |              |          |          |
| PIN26                              | IOB              | INPUT     | LVCMOS33             |       |          |      |              |          |          |
| PIN27                              | IOB              | INPUT     | LVCMOS33             |       |          |      |              |          |          |
| addrPORT[0]                        | IOB              | OUTPUT    | SSTL15_II            |       |          |      |              |          |          |
| addrPORT[1]                        | IOB              | OUTPUT    | SSTL15_II            |       |          |      |              |          |          |
| addrPORT[2]                        | IOB              | OUTPUT    | SSTL15_II            |       |          |      |              |          |          |
| addrPORT[3]                        | IOB              | OUTPUT    | SSTL15_II            |       |          |      |              |          |          |
| addrPORT[4]                        | IOB              | OUTPUT    | SSTL15_II            |       |          |      |              |          |          |
| addrPORT[5]                        | IOB              | OUTPUT    | SSTL15_II            |       |          |      |              |          |          |
| addrPORT[6]                        | IOB              | OUTPUT    | SSTL15_II            |       |          |      |              |          |          |
| addrPORT[7]                        | IOB              | OUTPUT    | SSTL15_II            |       |          |      |              |          |          |
| addrPORT[8]                        | IOB              | OUTPUT    | SSTL15_II            |       |          |      |              |          |          |
| addrPORT[9]                        | IOB              | OUTPUT    | SSTL15_II            |       |          |      |              |          |          |
| addrPORT[10]                       | IOB              | OUTPUT    | SSTL15_II            |       |          |      |              |          |          |
| addrPORT[11]                       | IOB              | OUTPUT    | SSTL15_II            |       |          |      |              |          |          |
| addrPORT[12]                       | IOB              | OUTPUT    | SSTL15_II            |       |          |      |              |          |          |
| addrPORT[13]                       | IOB              | OUTPUT    | SSTL15_II            |       |          |      |              |          |          |
| addrPORT[14]                       | IOB              | OUTPUT    | SSTL15_II            |       |          |      |              |          |          |
| baPORT[0]                          | IOB              | OUTPUT    | SSTL15_II            |       |          |      |              |          |          |
| baPORT[1]                          | IOB              | OUTPUT    | SSTL15_II            |       |          |      |              |          |          |
| baPORT[2]                          | IOB              | OUTPUT    | SSTL15_II            |       |          |      |              |          |          |
| blinkerPORT                        | IOB              | OUTPUT    | LVCMOS33             |       | 12       | SLOW |              |          |          |
| casPORT                            | IOB              | OUTPUT    | SSTL15_II            |       |          |      |              |          |          |
| ck_nPORT                           | IOB              | OUTPUT    | DIFF_SSTL15_II       |       |          |      |              |          |          |
| ck_pPORT                           | IOB              | OUTPUT    | DIFF_SSTL15_II       |       |          |      |              |          |          |
| ckePort                            | IOB              | OUTPUT    | SSTL15_II            |       |          |      |              |          |          |
| clk                                | IOB              | INPUT     | LVCMOS33             |       |          |      |              |          |          |
| dataPORT[0]                        | IOB              | BIDIR     | SSTL15_II            |       |          |      | IFF          |          | FIXED    |
| dataPORT[1]                        | IOB              | BIDIR     | SSTL15_II            |       |          |      | IFF          |          | FIXED    |
| dataPORT[2]                        | IOB              | BIDIR     | SSTL15_II            |       |          |      | IFF          |          | FIXED    |
| dataPORT[3]                        | IOB              | BIDIR     | SSTL15_II            |       |          |      | IFF          |          | FIXED    |
| dataPORT[4]                        | IOB              | BIDIR     | SSTL15_II            |       |          |      |              |          | FIXED    |
| dataPORT[5]                        | IOB              | BIDIR     | SSTL15_II            |       |          |      |              |          | FIXED    |
| dataPORT[6]                        | IOB              | BIDIR     | SSTL15_II            |       |          |      |              |          | FIXED    |
| dataPORT[7]                        | IOB              | BIDIR     | SSTL15_II            |       |          |      |              |          | FIXED    |
| dataPORT[8]                        | IOB              | BIDIR     | SSTL15_II            |       |          |      |              |          | FIXED    |
| dataPORT[9]                        | IOB              | BIDIR     | SSTL15_II            |       |          |      |              |          | FIXED    |
| dataPORT[10]                       | IOB              | BIDIR     | SSTL15_II            |       |          |      |              |          | FIXED    |
| dataPORT[11]                       | IOB              | BIDIR     | SSTL15_II            |       |          |      |              |          | FIXED    |
| dataPORT[12]                       | IOB              | BIDIR     | SSTL15_II            |       |          |      |              |          | FIXED    |
| dataPORT[13]                       | IOB              | BIDIR     | SSTL15_II            |       |          |      |              |          | FIXED    |
| dataPORT[14]                       | IOB              | BIDIR     | SSTL15_II            |       |          |      |              |          | FIXED    |
| dataPORT[15]                       | IOB              | BIDIR     | SSTL15_II            |       |          |      |              |          | FIXED    |
| dqm0PORT                           | IOB              | OUTPUT    | SSTL15_II            |       |          |      |              |          |          |
| dqm1PORT                           | IOB              | OUTPUT    | SSTL15_II            |       |          |      |              |          |          |
| dqs0_nPORT                         | IOB              | OUTPUT    | DIFF_SSTL15_II       |       |          |      |              |          |          |
| dqs0_pPORT                         | IOB              | OUTPUT    | DIFF_SSTL15_II       |       |          |      |              |          |          |
| dqs1_nPORT                         | IOB              | OUTPUT    | DIFF_SSTL15_II       |       |          |      |              |          |          |
| dqs1_pPORT                         | IOB              | OUTPUT    | DIFF_SSTL15_II       |       |          |      |              |          |          |
| odtPORT                            | IOB              | OUTPUT    | SSTL15_II            |       |          |      |              |          |          |
| rasPORT                            | IOB              | OUTPUT    | SSTL15_II            |       |          |      |              |          |          |
| resetPort                          | IOB              | OUTPUT    | SSTL15_II            |       |          |      |              |          |          |
| switch2PORT                        | IOB              | INPUT     | LVCMOS33             |       |          |      |              |          |          |
| switch3PORT                        | IOB              | INPUT     | LVCMOS33             |       |          |      |              |          |          |
| wePORT                             | IOB              | OUTPUT    | SSTL15_II            |       |          |      |              |          |          |
+---------------------------------------------------------------------------------------------------------------------------------------------------------+

Section 7 - RPMs
----------------

Section 8 - Guide Report
------------------------
Guide not run on this design.

Section 9 - Area Group and Partition Summary
--------------------------------------------

Partition Implementation Status
-------------------------------

  No Partitions were found in this design.

-------------------------------

Area Group Information
----------------------

  No area groups were found in this design.

----------------------

Section 10 - Timing Report
--------------------------
A logic-level (pre-route) timing report can be generated by using Xilinx static
timing analysis tools, Timing Analyzer (GUI) or TRCE (command line), with the
mapped NCD and PCF files. Please note that this timing report will be generated
using estimated delay information. For accurate numbers, please generate a
timing report with the post Place and Route NCD file.

For more information about the Timing Analyzer, consult the Xilinx Timing
Analyzer Reference Manual; for more information about TRCE, consult the Xilinx
Command Line Tools User Guide "TRACE" chapter.

Section 11 - Configuration String Details
-----------------------------------------
Use the "-detail" map option to print out Configuration Strings

Section 12 - Control Set Information
------------------------------------
Use the "-detail" map option to print out Control Set Information.

Section 13 - Utilization by Hierarchy
-------------------------------------
Use the "-detail" map option to print out the Utilization by Hierarchy section.
